0 info it worked if it ends with ok
1 verbose cli [ 'C:\\Program Files (x86)\\nodejs\\node.exe',
1 verbose cli   'C:\\Users\\ztoth\\AppData\\Roaming\\npm\\node_modules\\npm\\bin\\npm-cli.js',
1 verbose cli   'start' ]
2 info using npm@3.3.6
3 info using node@v6.10.3
4 verbose run-script [ 'prestart', 'start', 'poststart' ]
5 info lifecycle zoltantothcom@1.0.0~prestart: zoltantothcom@1.0.0
6 silly lifecycle zoltantothcom@1.0.0~prestart: no script for prestart, continuing
7 info lifecycle zoltantothcom@1.0.0~start: zoltantothcom@1.0.0
8 verbose lifecycle zoltantothcom@1.0.0~start: unsafe-perm in lifecycle true
9 verbose lifecycle zoltantothcom@1.0.0~start: PATH: C:\Users\ztoth\AppData\Roaming\npm\node_modules\npm\bin\node-gyp-bin;C:\Users\ztoth\GitHub\zoltantothcom\node_modules\.bin;C:\Program Files\Docker\Docker\Resources\bin;C:\Windows\system32;C:\Windows;C:\Windows\System32\Wbem;C:\Windows\System32\WindowsPowerShell\v1.0\;C:\Program Files (x86)\NVIDIA Corporation\PhysX\Common;C:\Program Files\Microsoft SQL Server\130\Tools\Binn\;C:\Program Files\dotnet\;C:\Program Files (x86)\Microsoft SQL Server\Client SDK\ODBC\130\Tools\Binn\;C:\Program Files (x86)\Microsoft SQL Server\130\Tools\Binn\;C:\Program Files (x86)\Microsoft SQL Server\130\DTS\Binn\;C:\Program Files (x86)\Microsoft SQL Server\130\Tools\Binn\ManagementStudio\;C:\Users\DBye\AppData\Roaming\nvm;C:\Program Files\nodejs;C:\Program Files (x86)\Yarn\bin;C:\Program Files (x86)\nodejs\;C:\Program Files\Intel\WiFi\bin\;C:\Program Files\Common Files\Intel\WirelessCommon\;C:\Program Files\Git\cmd;C:\ProgramData\chocolatey\bin;C:\Ruby22-x64\bin;C:\Users\ztoth\AppData\Local\Microsoft\WindowsApps;C:\Program Files (x86)\Microsoft VS Code\bin;C:\Users\ztoth\AppData\Roaming\npm;C:\Program Files\Intel\WiFi\bin\;C:\Program Files\Common Files\Intel\WirelessCommon\;C:\Users\ztoth\AppData\Local\Programs\Fiddler;C:\Program Files\Heroku\bin
10 verbose lifecycle zoltantothcom@1.0.0~start: CWD: C:\Users\ztoth\GitHub\zoltantothcom
11 silly lifecycle zoltantothcom@1.0.0~start: Args: [ '/d /s /c', 'gulp' ]
12 silly lifecycle zoltantothcom@1.0.0~start: Returned: code: 1  signal: null
13 info lifecycle zoltantothcom@1.0.0~start: Failed to exec start script
14 verbose stack Error: zoltantothcom@1.0.0 start: `gulp`
14 verbose stack Exit status 1
14 verbose stack     at EventEmitter.<anonymous> (C:\Users\ztoth\AppData\Roaming\npm\node_modules\npm\lib\utils\lifecycle.js:233:16)
14 verbose stack     at emitTwo (events.js:106:13)
14 verbose stack     at EventEmitter.emit (events.js:191:7)
14 verbose stack     at ChildProcess.<anonymous> (C:\Users\ztoth\AppData\Roaming\npm\node_modules\npm\lib\utils\spawn.js:24:14)
14 verbose stack     at emitTwo (events.js:106:13)
14 verbose stack     at ChildProcess.emit (events.js:191:7)
14 verbose stack     at maybeClose (internal/child_process.js:886:16)
14 verbose stack     at Process.ChildProcess._handle.onexit (internal/child_process.js:226:5)
15 verbose pkgid zoltantothcom@1.0.0
16 verbose cwd C:\Users\ztoth\GitHub\zoltantothcom
17 error Windows_NT 10.0.14393
18 error argv "C:\\Program Files (x86)\\nodejs\\node.exe" "C:\\Users\\ztoth\\AppData\\Roaming\\npm\\node_modules\\npm\\bin\\npm-cli.js" "start"
19 error node v6.10.3
20 error npm  v3.3.6
21 error code ELIFECYCLE
22 error zoltantothcom@1.0.0 start: `gulp`
22 error Exit status 1
23 error Failed at the zoltantothcom@1.0.0 start script 'gulp'.
23 error This is most likely a problem with the zoltantothcom package,
23 error not with npm itself.
23 error Tell the author that this fails on your system:
23 error     gulp
23 error You can get their info via:
23 error     npm owner ls zoltantothcom
23 error There is likely additional logging output above.
24 verbose exit [ 1, true ]
